Build started 22/03/2014 19:39:58.
     1>Project "c:\Users\lucianav\documents\visual studio 2010\Projects\RatsImageProcessing\RatsImageProcessing\RatsImageProcessing.vcxproj" on node 2 (build target(s)).
     1>InitializeBuildStatus:
         Touching "Debug\RatsImageProcessing.unsuccessfulbuild".
       ClCompile:
         C:\Program Files (x86)\Microsoft Visual Studio 10.0\VC\bin\CL.exe /c /Ic:\opencv248\build\include /ZI /nologo /W3 /WX- /Od /Oy- /D WIN32 /D _DEBUG /D _CONSOLE /D _UNICODE /D UNICODE /Gm /EHsc /RTC1 /MDd /GS /fp:precise /Zc:wchar_t /Zc:forScope /Fo"Debug\\" /Fd"Debug\vc100.pdb" /Gd /TP /analyze- /errorReport:prompt main.cpp
         main.cpp
       ManifestResourceCompile:
         C:\Program Files (x86)\Microsoft SDKs\Windows\v7.0A\bin\rc.exe /nologo /fo"Debug\RatsImageProcessing.exe.embed.manifest.res" Debug\RatsImageProcessing_manifest.rc 
       Link:
         C:\Program Files (x86)\Microsoft Visual Studio 10.0\VC\bin\link.exe /ERRORREPORT:PROMPT /OUT:"c:\users\lucianav\documents\visual studio 2010\Projects\RatsImageProcessing\Debug\RatsImageProcessing.exe" /INCREMENTAL /NOLOGO /LIBPATH:c:\opencv248\build\x64\vc10\lib opencv_core248d.lib opencv_imgproc248d.lib opencv_highgui248d.lib opencv_ml248d.lib opencv_video248d.lib opencv_features2d248d.lib opencv_calib3d248d.lib opencv_objdetect248d.lib opencv_contrib248d.lib opencv_legacy248d.lib opencv_flann248d.lib kernel32.lib user32.lib gdi32.lib winspool.lib comdlg32.lib advapi32.lib shell32.lib ole32.lib oleaut32.lib uuid.lib odbc32.lib odbccp32.lib /MANIFEST /ManifestFile:"Debug\RatsImageProcessing.exe.intermediate.manifest" /MANIFESTUAC:"level='asInvoker' uiAccess='false'" /DEBUG /PDB:"c:\users\lucianav\documents\visual studio 2010\Projects\RatsImageProcessing\Debug\RatsImageProcessing.pdb" /SUBSYSTEM:CONSOLE /TLBID:1 /DYNAMICBASE /NXCOMPAT /IMPLIB:"c:\users\lucianav\documents\visual studio 2010\Projects\RatsImageProcessing\Debug\RatsImageProcessing.lib" /MACHINE:X86 Debug\RatsImageProcessing.exe.embed.manifest.res
         Debug\main.obj
         Debug\test.obj
     1>test.obj : error LNK2005: _main already defined in main.obj
     1>test.obj : error LNK2005: "class cv::Rect_<int> box" (?box@@3V?$Rect_@H@cv@@A) already defined in main.obj
     1>test.obj : error LNK2005: "class cv::Point_<int> corner1" (?corner1@@3V?$Point_@H@cv@@A) already defined in main.obj
     1>test.obj : error LNK2005: "class cv::Point_<int> corner2" (?corner2@@3V?$Point_@H@cv@@A) already defined in main.obj
     1>test.obj : error LNK2005: "class cv::Mat img" (?img@@3VMat@cv@@A) already defined in main.obj
     1>opencv_highgui248d.lib(opencv_highgui248d.dll) : fatal error LNK1112: module machine type 'x64' conflicts with target machine type 'X86'
     1>Done Building Project "c:\Users\lucianav\documents\visual studio 2010\Projects\RatsImageProcessing\RatsImageProcessing\RatsImageProcessing.vcxproj" (build target(s)) -- FAILED.

Build FAILED.

Time Elapsed 00:00:01.56
